Build started 07/01/2013 00:46:22.
     1>Project "C:\work\progetti visual studio 2010\Alexa_\Al'exa.Core\Al'exa.Core\Al'exa.Core.vcxproj" on node 3 (rebuild target(s)).
     1>_PrepareForClean:
         Deleting file "Debug\Al'exa.Core.lastbuildstate".
       InitializeBuildStatus:
         Creating "Debug\Al'exa.Core.unsuccessfulbuild" because "AlwaysCreate" was specified.
       GenerateTargetFrameworkMonikerAttribute:
       Skipping target "GenerateTargetFrameworkMonikerAttribute" because all output files are up-to-date with respect to the input files.
       ClCompile:
         c:\Program Files (x86)\Microsoft Visual Studio 10.0\VC\bin\CL.exe /c /I"c:\opencv-242\build\include" /I"c:\opencv-242\include\opencv" /AI"C:\Program Files (x86)\Reference Assemblies\Microsoft\Framework\.NETFramework\v4.0" /Zi /clr /nologo /W3 /WX- /Od /Oy- /D WIN32 /D _DEBUG /D _WINDLL /D _UNICODE /D UNICODE /EHa /MDd /GS /fp:precise /Zc:wchar_t /Zc:forScope /Yc"StdAfx.h" /Fp"Debug\Al°exa.Core.pch" /Fo"Debug\\" /Fd"Debug\vc100.pdb" /doc"Debug\\" /TP /FU"C:\Program Files (x86)\Reference Assemblies\Microsoft\Framework\.NETFramework\v4.0\System.Core.dll" /FU"C:\Program Files (x86)\Reference Assemblies\Microsoft\Framework\.NETFramework\v4.0\System.Data.dll" /FU"C:\Program Files (x86)\Reference Assemblies\Microsoft\Framework\.NETFramework\v4.0\System.dll" /FU"C:\Program Files (x86)\Reference Assemblies\Microsoft\Framework\.NETFramework\v4.0\System.Drawing.dll" /FU"C:\Program Files (x86)\Reference Assemblies\Microsoft\Framework\.NETFramework\v4.0\System.Xml.dll" /analyze- /errorReport:prompt Stdafx.cpp /clr:nostdlib 
         Stdafx.cpp
         c:\Program Files (x86)\Microsoft Visual Studio 10.0\VC\bin\CL.exe /c /I"c:\opencv-242\build\include" /I"c:\opencv-242\include\opencv" /AI"C:\Program Files (x86)\Reference Assemblies\Microsoft\Framework\.NETFramework\v4.0" /Zi /clr /nologo /W3 /WX- /Od /Oy- /D WIN32 /D _DEBUG /D _WINDLL /D _UNICODE /D UNICODE /EHa /MDd /GS /fp:precise /Zc:wchar_t /Zc:forScope /Yu"StdAfx.h" /Fp"Debug\Al°exa.Core.pch" /Fo"Debug\\" /Fd"Debug\vc100.pdb" /doc"Debug\\" /TP /FU"C:\Program Files (x86)\Reference Assemblies\Microsoft\Framework\.NETFramework\v4.0\System.Core.dll" /FU"C:\Program Files (x86)\Reference Assemblies\Microsoft\Framework\.NETFramework\v4.0\System.Data.dll" /FU"C:\Program Files (x86)\Reference Assemblies\Microsoft\Framework\.NETFramework\v4.0\System.dll" /FU"C:\Program Files (x86)\Reference Assemblies\Microsoft\Framework\.NETFramework\v4.0\System.Drawing.dll" /FU"C:\Program Files (x86)\Reference Assemblies\Microsoft\Framework\.NETFramework\v4.0\System.Xml.dll" /analyze- /errorReport:prompt "Al'exa.Core.cpp" AssemblyInfo.cpp /clr:nostdlib 
         Al'exa.Core.cpp
     1>c:\opencv-242\build\include\opencv2/core/operations.hpp(3824): warning C4635: XML document comment applied to 'cv.op_LeftShift(std.basic_ostream<System.SByte!System.Runtime.CompilerServices.IsSignUnspecifiedByte,std.char_traits{System.SByte!System.Runtime.CompilerServices.IsSignUnspecifiedByte}>*!System.Runtime.CompilerServices.IsImplicitlyDereferenced,cv.Mat!System.Runtime.CompilerServices.IsConst*!System.Runtime.CompilerServices.IsImplicitlyDereferenced)': badly-formed XML: Invalid at the top level of the document.
         
     1>c:\opencv-242\build\include\opencv2/core/operations.hpp(3837): warning C4635: XML document comment applied to 'cv.op_LeftShift(std.basic_ostream<System.SByte!System.Runtime.CompilerServices.IsSignUnspecifiedByte,std.char_traits{System.SByte!System.Runtime.CompilerServices.IsSignUnspecifiedByte}>*!System.Runtime.CompilerServices.IsImplicitlyDereferenced,cv.Formatted!System.Runtime.CompilerServices.IsConst*!System.Runtime.CompilerServices.IsImplicitlyDereferenced)': badly-formed XML: Invalid at the top level of the document.
         
     1>c:\opencv-242\build\include\opencv2/features2d/features2d.hpp(666): warning C4635: XML document comment applied to 'cv.DynamicAdaptedFeatureDetector': badly-formed XML: Invalid at the top level of the document.
         
     1>c:\opencv-242\build\include\opencv2\flann\logger.h(66): warning C4996: 'fopen': This function or variable may be unsafe. Consider using fopen_s instead. To disable deprecation, use _CRT_SECURE_NO_WARNINGS. See online help for details.
                 c:\Program Files (x86)\Microsoft Visual Studio 10.0\VC\include\stdio.h(234) : see declaration of 'fopen'
     1>c:\opencv-242\build\include\opencv2\flann\lsh_table.h(96): warning C4635: XML document comment applied to 'cvflann.lsh.op_LeftShift(std.basic_ostream<System.SByte!System.Runtime.CompilerServices.IsSignUnspecifiedByte,std.char_traits{System.SByte!System.Runtime.CompilerServices.IsSignUnspecifiedByte}>*!System.Runtime.CompilerServices.IsImplicitlyDereferenced,cvflann.lsh.LshStats!System.Runtime.CompilerServices.IsConst*!System.Runtime.CompilerServices.IsImplicitlyDereferenced)': badly-formed XML: Invalid at the top level of the document.
         
     1>c:\opencv-242\build\include\opencv2/objdetect/objdetect.hpp(907): warning C4635: XML document comment applied to 'cv.linemod.Detector.match(std.vector<cv.Mat>!System.Runtime.CompilerServices.IsConst*!System.Runtime.CompilerServices.IsImplicitlyDereferenced,System.Single,std.vector<cv.linemod.Match>*!System.Runtime.CompilerServices.IsImplicitlyDereferenced,std.vector<std.basic_string<System.SByte!System.Runtime.CompilerServices.IsSignUnspecifiedByte,std.char_traits{System.SByte!System.Runtime.CompilerServices.IsSignUnspecifiedByte},std.allocator<System.SByte!System.Runtime.CompilerServices.IsSignUnspecifiedByte>>>!System.Runtime.CompilerServices.IsConst*!System.Runtime.CompilerServices.IsImplicitlyDereferenced,cv._OutputArray!System.Runtime.CompilerServices.IsConst*!System.Runtime.CompilerServices.IsImplicitlyDereferenced,std.vector<cv.Mat>!System.Runtime.CompilerServices.IsConst*!System.Runtime.CompilerServices.IsImplicitlyDereferenced)': badly-formed XML: Invalid at the top level of the document.
         
     1>c:\work\progetti visual studio 2010\alexa_\al'exa.core\al'exa.core\Al'exa.Core.h(148): warning C4633: XML document comment applied to 'Alexa.Core.GetChars(System.Int32,System.Int32,System.Int32,System.Int32,System.Int32)': error:  'lineHeight' is not a parameter named in the declaration of this function.
     1>c:\work\progetti visual studio 2010\alexa_\al'exa.core\al'exa.core\Al'exa.Core.h(156): warning C4633: XML document comment applied to 'Alexa.Core.GetCharsV2(System.Int32,System.Int32,System.Int32,System.Int32,System.Int32)': error:  'lineHeight' is not a parameter named in the declaration of this function.
     1>Al'exa.Core.cpp(252): warning C4018: '<' : signed/unsigned mismatch
     1>Al'exa.Core.cpp(458): warning C4018: '<' : signed/unsigned mismatch
         AssemblyInfo.cpp
         Generating Code...
     1>c:\opencv-242\build\include\opencv2\core\types_c.h(312): warning C4793: 'cvRound' : function compiled as native :
         	Inline native assembly not supported in managed code
         c:\Program Files (x86)\Microsoft Visual Studio 10.0\VC\bin\CL.exe /c /I"c:\opencv-242\build\include" /I"c:\opencv-242\include\opencv" /Zi /clr /nologo /W3 /WX- /Od /Oy- /D WIN32 /D _DEBUG /D _WINDLL /D _UNICODE /D UNICODE /EHa /MDd /GS /fp:precise /Zc:wchar_t /Zc:forScope /Fo"Debug\\" /Fd"Debug\vc100.pdb" /doc"Debug\\" /TP /analyze- /errorReport:prompt "C:\Users\alan\AppData\Local\Temp\.NETFramework,Version=v4.0.AssemblyAttributes.cpp"
         .NETFramework,Version=v4.0.AssemblyAttributes.cpp
       ResourceCompile:
         C:\Program Files (x86)\Microsoft SDKs\Windows\v7.0A\bin\rc.exe /D _UNICODE /D UNICODE /l"0x0409" /nologo /fo"Debug\app.res" app.rc 
       Link:
         c:\Program Files (x86)\Microsoft Visual Studio 10.0\VC\bin\link.exe /ERRORREPORT:PROMPT /OUT:"C:\work\progetti visual studio 2010\Alexa_\Al'exa.Core\Debug\Al°exa.Core.dll" /INCREMENTAL /NOLOGO kernel32.lib user32.lib gdi32.lib winspool.lib comdlg32.lib advapi32.lib shell32.lib ole32.lib oleaut32.lib uuid.lib odbc32.lib odbccp32.lib "c:\opencv-242\build\x86\vc10\lib\opencv_core242d.lib" "c:\opencv-242\build\x86\vc10\lib\opencv_highgui242d.lib" "c:\opencv-242\build\x86\vc10\lib\opencv_video242d.lib" "c:\opencv-242\build\x86\vc10\lib\opencv_ml242d.lib" "c:\opencv-242\build\x86\vc10\lib\opencv_legacy242d.lib" "c:\opencv-242\build\x86\vc10\lib\opencv_imgproc242d.lib" "c:\opencv-242\build\x86\vc10\lib\opencv_objdetect242d.lib" "c:\opencv-242\build\x86\vc10\lib\opencv_flann242d.lib" "c:\opencv-242\build\x86\vc10\lib\opencv_features2d242d.lib" "c:\opencv-242\build\x86\vc10\lib\opencv_contrib242d.lib" "c:\opencv-242\build\x86\vc10\lib\opencv_calib3d242d.lib" "c:\opencv-242\build\x86\vc10\lib\opencv_nonfree242d.lib" kernel32.lib user32.lib gdi32.lib winspool.lib comdlg32.lib advapi32.lib shell32.lib ole32.lib oleaut32.lib uuid.lib odbc32.lib odbccp32.lib /MANIFEST /ManifestFile:"Debug\Al°exa.Core.dll.intermediate.manifest" /MANIFESTUAC:"level='asInvoker' uiAccess='false'" /DEBUG /PDB:"C:\work\progetti visual studio 2010\Alexa_\Al'exa.Core\Debug\Al°exa.Core.pdb" /ASSEMBLYDEBUG /TLBID:1 /DYNAMICBASE /FIXED:NO /NXCOMPAT /MACHINE:X86 /DLL Debug\app.res
         "Debug\Al'exa.Core.obj"
         Debug\AssemblyInfo.obj
         Debug\Stdafx.obj
         "Debug\.NETFramework,Version=v4.0.AssemblyAttributes.obj"
         Al'exa.Core.vcxproj -> C:\work\progetti visual studio 2010\Alexa_\Al'exa.Core\Debug\Al°exa.Core.dll
       Manifest:
         C:\Program Files (x86)\Microsoft SDKs\Windows\v7.0A\bin\mt.exe /nologo /verbose /outputresource:"C:\work\progetti visual studio 2010\Alexa_\Al'exa.Core\Debug\Al°exa.Core.dll;#2" /manifest "Debug\Al°exa.Core.dll.intermediate.manifest"
       XdcMake:
         c:\Program Files (x86)\Microsoft Visual Studio 10.0\VC\bin\xdcmake.exe /old "Al'exa.Core" /nologo /Fo"C:\work\progetti visual studio 2010\Alexa_\Al'exa.Core\Debug\Al°exa.Core.xml" /Fs"Debug\Al'exa.Core.xdc" /FsDebug\AssemblyInfo.xdc /FsDebug\Stdafx.xdc /Fs"Debug\.NETFramework,Version=v4.0.AssemblyAttributes.xdc"
       FinalizeBuildStatus:
         Deleting file "Debug\Al'exa.Core.unsuccessfulbuild".
         Touching "Debug\Al'exa.Core.lastbuildstate".
     1>Done Building Project "C:\work\progetti visual studio 2010\Alexa_\Al'exa.Core\Al'exa.Core\Al'exa.Core.vcxproj" (rebuild target(s)).

Build succeeded.

Time Elapsed 00:00:02.99
