C:\WORK\GITHUBREPOS\ALEXA\ALEXA\AL'EXA.CORE\AL'EXA.CORE\DEBUG\.NETFRAMEWORK,VERSION=V4.0.ASSEMBLYATTRIBUTES.OBJ
C:\WORK\GITHUBREPOS\ALEXA\ALEXA\AL'EXA.CORE\AL'EXA.CORE\DEBUG\.NETFRAMEWORK,VERSION=V4.0.ASSEMBLYATTRIBUTES.XDC
C:\WORK\GITHUBREPOS\ALEXA\ALEXA\AL'EXA.CORE\AL'EXA.CORE\DEBUG\AL.EXA.CORE.DLL.INTERMEDIATE.MANIFEST
C:\WORK\GITHUBREPOS\ALEXA\ALEXA\AL'EXA.CORE\AL'EXA.CORE\DEBUG\AL.EXA.CORE.PCH
C:\WORK\GITHUBREPOS\ALEXA\ALEXA\AL'EXA.CORE\AL'EXA.CORE\DEBUG\AL'EXA.CORE.OBJ
C:\work\GitHubRepos\Alexa\Alexa\Al'exa.Core\Al'exa.Core\Debug\Al'exa.Core.write.1.tlog
C:\WORK\GITHUBREPOS\ALEXA\ALEXA\AL'EXA.CORE\AL'EXA.CORE\DEBUG\AL'EXA.CORE.XDC
C:\WORK\GITHUBREPOS\ALEXA\ALEXA\AL'EXA.CORE\AL'EXA.CORE\DEBUG\APP.RES
C:\WORK\GITHUBREPOS\ALEXA\ALEXA\AL'EXA.CORE\AL'EXA.CORE\DEBUG\ASSEMBLYINFO.OBJ
C:\WORK\GITHUBREPOS\ALEXA\ALEXA\AL'EXA.CORE\AL'EXA.CORE\DEBUG\ASSEMBLYINFO.XDC
C:\work\GitHubRepos\Alexa\Alexa\Al'exa.Core\Al'exa.Core\Debug\cl.command.1.tlog
C:\work\GitHubRepos\Alexa\Alexa\Al'exa.Core\Al'exa.Core\Debug\CL.read.1.tlog
C:\work\GitHubRepos\Alexa\Alexa\Al'exa.Core\Al'exa.Core\Debug\CL.write.1.tlog
C:\work\GitHubRepos\Alexa\Alexa\Al'exa.Core\Al'exa.Core\Debug\link.9900.read.1.tlog
C:\work\GitHubRepos\Alexa\Alexa\Al'exa.Core\Al'exa.Core\Debug\link.9900.write.1.tlog
C:\work\GitHubRepos\Alexa\Alexa\Al'exa.Core\Al'exa.Core\Debug\link.9900-cvtres.read.1.tlog
C:\work\GitHubRepos\Alexa\Alexa\Al'exa.Core\Al'exa.Core\Debug\link.9900-cvtres.write.1.tlog
C:\work\GitHubRepos\Alexa\Alexa\Al'exa.Core\Al'exa.Core\Debug\link.command.1.tlog
C:\work\GitHubRepos\Alexa\Alexa\Al'exa.Core\Al'exa.Core\Debug\link.read.1.tlog
C:\work\GitHubRepos\Alexa\Alexa\Al'exa.Core\Al'exa.Core\Debug\link.write.1.tlog
C:\work\GitHubRepos\Alexa\Alexa\Al'exa.Core\Al'exa.Core\Debug\mt.command.1.tlog
C:\work\GitHubRepos\Alexa\Alexa\Al'exa.Core\Al'exa.Core\Debug\mt.read.1.tlog
C:\work\GitHubRepos\Alexa\Alexa\Al'exa.Core\Al'exa.Core\Debug\mt.write.1.tlog
C:\work\GitHubRepos\Alexa\Alexa\Al'exa.Core\Al'exa.Core\Debug\rc.command.1.tlog
C:\work\GitHubRepos\Alexa\Alexa\Al'exa.Core\Al'exa.Core\Debug\rc.read.1.tlog
C:\work\GitHubRepos\Alexa\Alexa\Al'exa.Core\Al'exa.Core\Debug\rc.write.1.tlog
C:\WORK\GITHUBREPOS\ALEXA\ALEXA\AL'EXA.CORE\AL'EXA.CORE\DEBUG\STDAFX.OBJ
C:\WORK\GITHUBREPOS\ALEXA\ALEXA\AL'EXA.CORE\AL'EXA.CORE\DEBUG\STDAFX.XDC
C:\WORK\GITHUBREPOS\ALEXA\ALEXA\AL'EXA.CORE\AL'EXA.CORE\DEBUG\VC100.PDB
C:\work\GitHubRepos\Alexa\Alexa\Al'exa.Core\Al'exa.Core\Debug\XDCMake.command.1.tlog
C:\work\GitHubRepos\Alexa\Alexa\Al'exa.Core\Al'exa.Core\Debug\xdcmake.read.1.tlog
C:\work\GitHubRepos\Alexa\Alexa\Al'exa.Core\Al'exa.Core\Debug\xdcmake.write.1.tlog
C:\WORK\GITHUBREPOS\ALEXA\ALEXA\AL'EXA.CORE\DEBUG\AL.EXA.CORE.DLL
C:\WORK\GITHUBREPOS\ALEXA\ALEXA\AL'EXA.CORE\DEBUG\AL.EXA.CORE.ILK
C:\WORK\GITHUBREPOS\ALEXA\ALEXA\AL'EXA.CORE\DEBUG\AL.EXA.CORE.PDB
C:\WORK\GITHUBREPOS\ALEXA\ALEXA\AL'EXA.CORE\DEBUG\AL.EXA.CORE.XML
