C:\WORK\GITHUBREPOS\ALEXA\ALEXA\AL'EXA.CORE\AL'EXA.CORE\RELEASE\.NETFRAMEWORK,VERSION=V4.0.ASSEMBLYATTRIBUTES.OBJ
C:\WORK\GITHUBREPOS\ALEXA\ALEXA\AL'EXA.CORE\AL'EXA.CORE\RELEASE\.NETFRAMEWORK,VERSION=V4.0.ASSEMBLYATTRIBUTES.XDC
C:\WORK\GITHUBREPOS\ALEXA\ALEXA\AL'EXA.CORE\AL'EXA.CORE\RELEASE\AL.EXA.CORE.DLL.INTERMEDIATE.MANIFEST
C:\WORK\GITHUBREPOS\ALEXA\ALEXA\AL'EXA.CORE\AL'EXA.CORE\RELEASE\AL.EXA.CORE.PCH
C:\WORK\GITHUBREPOS\ALEXA\ALEXA\AL'EXA.CORE\AL'EXA.CORE\RELEASE\AL'EXA.CORE.OBJ
C:\work\GitHubRepos\Alexa\Alexa\Al'exa.Core\Al'exa.Core\Release\Al'exa.Core.write.1.tlog
C:\WORK\GITHUBREPOS\ALEXA\ALEXA\AL'EXA.CORE\AL'EXA.CORE\RELEASE\AL'EXA.CORE.XDC
C:\WORK\GITHUBREPOS\ALEXA\ALEXA\AL'EXA.CORE\AL'EXA.CORE\RELEASE\APP.RES
C:\WORK\GITHUBREPOS\ALEXA\ALEXA\AL'EXA.CORE\AL'EXA.CORE\RELEASE\ASSEMBLYINFO.OBJ
C:\WORK\GITHUBREPOS\ALEXA\ALEXA\AL'EXA.CORE\AL'EXA.CORE\RELEASE\ASSEMBLYINFO.XDC
C:\work\GitHubRepos\Alexa\Alexa\Al'exa.Core\Al'exa.Core\Release\cl.command.1.tlog
C:\work\GitHubRepos\Alexa\Alexa\Al'exa.Core\Al'exa.Core\Release\CL.read.1.tlog
C:\work\GitHubRepos\Alexa\Alexa\Al'exa.Core\Al'exa.Core\Release\CL.write.1.tlog
C:\work\GitHubRepos\Alexa\Alexa\Al'exa.Core\Al'exa.Core\Release\link.command.1.tlog
C:\work\GitHubRepos\Alexa\Alexa\Al'exa.Core\Al'exa.Core\Release\link.read.1.tlog
C:\work\GitHubRepos\Alexa\Alexa\Al'exa.Core\Al'exa.Core\Release\link.write.1.tlog
C:\work\GitHubRepos\Alexa\Alexa\Al'exa.Core\Al'exa.Core\Release\link-cvtres.read.1.tlog
C:\work\GitHubRepos\Alexa\Alexa\Al'exa.Core\Al'exa.Core\Release\link-cvtres.write.1.tlog
C:\work\GitHubRepos\Alexa\Alexa\Al'exa.Core\Al'exa.Core\Release\mt.command.1.tlog
C:\work\GitHubRepos\Alexa\Alexa\Al'exa.Core\Al'exa.Core\Release\mt.read.1.tlog
C:\work\GitHubRepos\Alexa\Alexa\Al'exa.Core\Al'exa.Core\Release\mt.write.1.tlog
C:\work\GitHubRepos\Alexa\Alexa\Al'exa.Core\Al'exa.Core\Release\rc.command.1.tlog
C:\work\GitHubRepos\Alexa\Alexa\Al'exa.Core\Al'exa.Core\Release\rc.read.1.tlog
C:\work\GitHubRepos\Alexa\Alexa\Al'exa.Core\Al'exa.Core\Release\rc.write.1.tlog
C:\WORK\GITHUBREPOS\ALEXA\ALEXA\AL'EXA.CORE\AL'EXA.CORE\RELEASE\STDAFX.OBJ
C:\WORK\GITHUBREPOS\ALEXA\ALEXA\AL'EXA.CORE\AL'EXA.CORE\RELEASE\STDAFX.XDC
C:\WORK\GITHUBREPOS\ALEXA\ALEXA\AL'EXA.CORE\AL'EXA.CORE\RELEASE\VC100.PDB
C:\work\GitHubRepos\Alexa\Alexa\Al'exa.Core\Al'exa.Core\Release\XDCMake.command.1.tlog
C:\work\GitHubRepos\Alexa\Alexa\Al'exa.Core\Al'exa.Core\Release\xdcmake.read.1.tlog
C:\work\GitHubRepos\Alexa\Alexa\Al'exa.Core\Al'exa.Core\Release\xdcmake.write.1.tlog
C:\WORK\GITHUBREPOS\ALEXA\ALEXA\AL'EXA.CORE\RELEASE\AL.EXA.CORE.DLL
C:\WORK\GITHUBREPOS\ALEXA\ALEXA\AL'EXA.CORE\RELEASE\AL.EXA.CORE.PDB
C:\WORK\GITHUBREPOS\ALEXA\ALEXA\AL'EXA.CORE\RELEASE\AL.EXA.CORE.XML
